This is pdfTeX, Version 3.14159265-2.6-1.40.18 (MiKTeX 2.9.6300 64-bit) (preloaded format=pdflatex 2017.5.15)  14 MAY 2018 15:50
entering extended mode
**./example-ts.tex
(example-ts.tex
LaTeX2e <2017-04-15>
Babel <3.9t> and hyphenation patterns for 76 language(s) loaded.
(ctustyle-ts.tex (ctustyle2.tex
CTUstyle2: Thesis at Czech Technical University in Prague, <beta(d) May 2018>
ERROR -- csplain isn't detected, use ``pdfcsplain example-ts'' command. ) ) )
(\end occurred when \ifx on line 7 was incomplete) 
Here is how much of TeX's memory you used:
 14 strings out of 493320
 204 string characters out of 3138954
 53574 words of memory out of 3000000
 3647 multiletter control sequences out of 15000+200000
 3640 words of font info for 14 fonts, out of 3000000 for 9000
 1141 hyphenation exceptions out of 8191
 5i,0n,3p,204b,8s stack positions out of 5000i,500n,10000p,200000b,50000s

No pages of output.
PDF statistics:
 0 PDF objects out of 1000 (max. 8388607)
 0 named destinations out of 1000 (max. 500000)
 1 words of extra memory for PDF output out of 10000 (max. 10000000)

